PRT1
27
41
4 0 6 (-256 1024 161.750000 ) (-512 1024 161.750000 ) (-512 1024 16 ) (-256 1024 16 ) 
4 0 1 (-512 1089 16 ) (-512 1041 16 ) (-512 1041 124 ) (-512 1089 124 ) 
4 1 2 (-525 1089 16 ) (-525 1041 16 ) (-525 1041 124 ) (-525 1089 124 ) 
4 2 24 (-641 1024 161.750000 ) (-752 1024 161.750000 ) (-752 1024 16 ) (-641 1024 16 ) 
4 2 7 (-525 1024 161.750000 ) (-641 1024 161.750000 ) (-641 1024 16 ) (-525 1024 16 ) 
4 3 4 (178 448 16 ) (178 393 16 ) (178 393 124 ) (178 448 124 ) 
4 4 5 (166 448 124 ) (166 448 16 ) (166 393 16 ) (166 393 124 ) 
4 5 8 (0 393 16 ) (0 393 171.750000 ) (0 448 171.750000 ) (0 448 16 ) 
4 7 24 (-641 1024 161.750000 ) (-641 1024 16 ) (-641 973 16 ) (-641 973 161.750000 ) 
4 8 9 (-52 448 16 ) (-52 393 16 ) (-52 393 124 ) (-52 448 124 ) 
4 9 14 (-64 438.680023 16 ) (-64 393 16 ) (-64 393 124 ) (-64 438.680023 124 ) 
4 9 10 (-64 448 16 ) (-64 438.680023 16 ) (-64 438.680023 124 ) (-64 448 124 ) 
4 10 14 (-294 438.680023 16 ) (-64 438.680023 16 ) (-64 438.680023 283.750000 ) (-294 438.680023 283.750000 ) 
4 10 12 (-294 438.680023 100 ) (-294 438.680023 283.750000 ) (-294 444 283.750000 ) (-294 444 100 ) 
4 10 11 (-294 444 283.750000 ) (-294 960 283.750000 ) (-294 960 16 ) (-294 444 16 ) 
4 11 12 (-445 444 283.750000 ) (-445 444 100 ) (-294 444 100 ) (-294 444 283.750000 ) 
4 11 13 (-445 444 283.750000 ) (-445 960 283.750000 ) (-445 960 16 ) (-445 444 16 ) 
4 12 19 (-396 438.680023 283.750000 ) (-406 438.680023 283.750000 ) (-406 438.680023 100 ) (-396 438.680023 100 ) 
4 12 18 (-346 438.680023 283.750000 ) (-396 438.680023 283.750000 ) (-396 438.680023 100 ) (-346 438.680023 100 ) 
4 12 22 (-406 438.680023 283.750000 ) (-445 438.680023 283.750000 ) (-445 438.680023 100 ) (-406 438.680023 100 ) 
4 12 15 (-336 438.680023 283.750000 ) (-346 438.680023 283.750000 ) (-346 438.680023 100 ) (-336 438.680023 100 ) 
4 12 14 (-294 438.680023 100 ) (-294 438.680023 283.750000 ) (-336 438.680023 283.750000 ) (-336 438.680023 100 ) 
4 12 13 (-445 438.680023 100 ) (-445 438.680023 283.750000 ) (-445 444 283.750000 ) (-445 444 100 ) 
4 13 25 (-641 935 16 ) (-641 880 16 ) (-641 880 124 ) (-641 935 124 ) 
4 13 22 (-641 438.680023 283.750000 ) (-641 438.680023 16 ) (-445 438.680023 16 ) (-445 438.680023 283.750000 ) 
4 14 17 (-336 393 16 ) (-336 393 81.765091 ) (-336 435 81 ) (-336 413 16 ) 
3 14 16 (-336 438.680023 77.325607 ) (-336 438.680023 16 ) (-336 418.008606 16 ) 
4 14 15 (-336 393 81.765091 ) (-336 393 283.750000 ) (-336 438.680023 283.750000 ) (-336 438.680023 80.932953 ) 
4 15 18 (-346 393 81.765091 ) (-346 393 283.750000 ) (-346 438.680023 283.750000 ) (-346 438.680023 80.932953 ) 
4 15 17 (-346 393 81.765106 ) (-346 435 81 ) (-336 435 81 ) (-336 393 81.765244 ) 
3 16 18 (-346 438.680023 77.325607 ) (-346 438.680023 16 ) (-346 418.008606 16 ) 
4 17 18 (-346 393 16 ) (-346 393 81.765091 ) (-346 435 81 ) (-346 413 16 ) 
4 18 21 (-396 393 16 ) (-396 393 81.765091 ) (-396 435 81 ) (-396 413 16 ) 
3 18 20 (-396 438.680023 77.325607 ) (-396 438.680023 16 ) (-396 418.008606 16 ) 
4 18 19 (-396 393 81.765091 ) (-396 393 283.750000 ) (-396 438.680023 283.750000 ) (-396 438.680023 80.932953 ) 
4 19 21 (-406 393 81.765106 ) (-406 435 81 ) (-396 435 81 ) (-396 393 81.765244 ) 
4 19 22 (-406 393 81.765091 ) (-406 393 283.750000 ) (-406 438.680023 283.750000 ) (-406 438.680023 80.932953 ) 
3 20 22 (-406 438.680023 77.325607 ) (-406 438.680023 16 ) (-406 418.008606 16 ) 
4 21 22 (-406 393 16 ) (-406 393 81.765091 ) (-406 435 81 ) (-406 413 16 ) 
4 24 26 (-752 973 161.750000 ) (-752 973 16 ) (-653 973 16 ) (-653 973 161.750000 ) 
4 25 26 (-653 935 16 ) (-653 880 16 ) (-653 880 124 ) (-653 935 124 ) 
