Convar developer has multiple help strings:
	parent (wins): "Set developer message level"
	child: "Set developer message level."
CSoundEmitterSystem:  Registered 5146 sounds
CResponseSystem:  scripts\talker\response_rules.txt (217 rules, 214 criteria, and 208 responses)
Unable to remove c:\project-hado\game\mod_hado\gamestats.log!
maxplayers set to 1
Heap: 256.00 Mb
KeyValues Error: RecursiveLoadFromBuffer:  got EOF instead of keyname in file Resource/GameLogo.res
Resource/GameLogo.res, (*Logo*), 
KeyValues Error: RecursiveLoadFromBuffer:  got EOF instead of keyname in file Resource/GameLogo.res
Resource/GameLogo.res, (*Logo*), 
Steam config directory: C:\Program Files (x86)\Steam\steamapps\common\Source SDK Base 2013 Singleplayer\platform\config
Parsed 26 text messages
CClientSteamContext logged on = 0
Parent and child ConVars with different default values! sk_dmg_take_scale3 child: 1.50 parent: 2.0 (parent wins)
Convar developer has multiple help strings:
	parent (wins): "Set developer message level"
	child: "Set developer message level."
Parent and child ConVars with different default values! hl2_episodic child: 0 parent: 1 (parent wins)
CGameEventManager::AddListener: event 'achievement_earned' unknown.
execing config_default.cfg
Host_WriteConfiguration: Wrote cfg/config.cfg
Sound Initialization: Start
DS:7.1 speaker configuration detected
Set primary sound buffer format: yes
DirectSound initialized
Sound Initialization: Finish, Sampling Rate: 44100
8 CPUs, Frequency: 2.1 Ghz,  Features: AuthenticAMD SSE SSE2 MMX RDTSC CMOV FCMOV
execing valve.rc
execing autoexec.cfg
execing modsettings.cfg
material "vgui/servers/icon_replay" not found.
--- Missing Vgui material vgui/servers/icon_replay
material "vgui/servers/icon_replay_column" not found.
--- Missing Vgui material vgui/servers/icon_replay_column
---- Host_NewGame ----
Spawn Server: background_bathroom
execing skill_manifest.cfg
'skill.cfg' not present; not executing.
execing skill_episodic.cfg
Set Gravity 600.0 (0.250 tolerance)
PrecacheScriptSound 'Hud.Hint' failed, no such sound script entry
Loading AI graph
Step 1 loading
Checking version
Passed first ver check
Got version 37
Map version 10
Done version checks
Finishing load
PrecacheScriptSound 'NPC_CombineBall_Episodic.Explosion' failed, no such sound script entry
PrecacheScriptSound 'NPC_CombineBall_Episodic.WhizFlyby' failed, no such sound script entry
PrecacheScriptSound 'NPC_CombineBall_Episodic.Impact' failed, no such sound script entry
'cfg/motd.txt' not found; not loaded
'cfg/motd_text.txt' not found; not loaded
Created class baseline: 5 classes, 1290 bytes.
Game started

Half-Life 2
Map: background_bathroom
Players: 1 / 1
Build: 0
Server Number: 1

Initializing renderer...
DataTable warning: No matching RecvTable for SendTable 'DT_FleshEffectTarget'.
DataTable warning: No matching RecvTable for SendTable 'DT_HalfLife2SurvivalProxy'.
DataTable warning: No matching RecvTable for SendTable 'DT_NPC_Puppet'.
DataTable warning: No matching RecvTable for SendTable 'DT_CPropJeepEpisodic'.
DataTable warning: No matching RecvTable for SendTable 'DT_PropScalable'.
Client missing DT class CFleshEffectTarget
Client missing DT class CHalfLife2SurvivalProxy
Client missing DT class CNPC_Puppet
Client missing DT class CPropJeepEpisodic
Client missing DT class CPropScalable
Host_EndGame: CL_ParseClassInfo_EndClasses: CreateDecoders failed.

Dropped unnamed from server (Disconnect by user.)
---- Host_NewGame ----
Spawn Server: npc_test
SOLID_VPHYSICS static prop with no vphysics model! (models/props_foliage/tree_pine_tall_02.mdl)
SOLID_VPHYSICS static prop with no vphysics model! (models/props_foliage/tree_pine_tall_02.mdl)
execing skill_manifest.cfg
'skill.cfg' not present; not executing.
execing skill_episodic.cfg
Set Gravity 600.0 (0.250 tolerance)
Loading AI graph
Step 1 loading
Checking version
Passed first ver check
Got version 37
Map version 31
Done version checks
Finishing load
'cfg/motd.txt' not found; not loaded
'cfg/motd_text.txt' not found; not loaded
Created class baseline: 6 classes, 1462 bytes.
Game started

Half-Life 2
Map: npc_test
Players: 1 / 1
Build: 0
Server Number: 2

Initializing renderer...
DataTable warning: No matching RecvTable for SendTable 'DT_FleshEffectTarget'.
DataTable warning: No matching RecvTable for SendTable 'DT_HalfLife2SurvivalProxy'.
DataTable warning: No matching RecvTable for SendTable 'DT_NPC_Puppet'.
DataTable warning: No matching RecvTable for SendTable 'DT_CPropJeepEpisodic'.
DataTable warning: No matching RecvTable for SendTable 'DT_PropScalable'.
Client missing DT class CFleshEffectTarget
Client missing DT class CHalfLife2SurvivalProxy
Client missing DT class CNPC_Puppet
Client missing DT class CPropJeepEpisodic
Client missing DT class CPropScalable
Host_EndGame: CL_ParseClassInfo_EndClasses: CreateDecoders failed.

Dropped unnamed from server (Disconnect by user.)
Attempted to create unknown entity type npc_bubbles!
Host_WriteConfiguration: Wrote cfg/config.cfg
CreateEvent: event 'server_shutdown' not registered.
Shutdown function ShutdownMixerControls() not in list!!!
Convar developer has multiple help strings:
	parent (wins): "Set developer message level"
	child: "Set developer message level."
CSoundEmitterSystem:  Registered 5146 sounds
CResponseSystem:  scripts\talker\response_rules.txt (217 rules, 214 criteria, and 208 responses)
maxplayers set to 1
Heap: 256.00 Mb
KeyValues Error: RecursiveLoadFromBuffer:  got EOF instead of keyname in file Resource/GameLogo.res
Resource/GameLogo.res, (*Logo*), 
KeyValues Error: RecursiveLoadFromBuffer:  got EOF instead of keyname in file Resource/GameLogo.res
Resource/GameLogo.res, (*Logo*), 
Steam config directory: C:\Program Files (x86)\Steam\steamapps\common\Source SDK Base 2013 Singleplayer\platform\config
Parsed 26 text messages
CClientSteamContext logged on = 0
Parent and child ConVars with different default values! sk_dmg_take_scale3 child: 1.50 parent: 2.0 (parent wins)
Convar developer has multiple help strings:
	parent (wins): "Set developer message level"
	child: "Set developer message level."
Parent and child ConVars with different default values! hl2_episodic child: 0 parent: 1 (parent wins)
CGameEventManager::AddListener: event 'achievement_earned' unknown.
execing config.cfg
cc_lang = 
JOY_AXIS_X:  mapped to Turn (absolute)
JOY_AXIS_Y:  mapped to Look (absolute)
JOY_AXIS_Z:  unmapped
JOY_AXIS_R:  mapped to Forward (absolute)
JOY_AXIS_U:  mapped to Side (absolute)
JOY_AXIS_V:  unmapped
Advanced Joystick settings initialized
Unknown command "sv_backspeed"
Not playing a local game.
Sound Initialization: Start
DS:7.1 speaker configuration detected
Set primary sound buffer format: yes
DirectSound initialized
Sound Initialization: Finish, Sampling Rate: 44100
8 CPUs, Frequency: 2.1 Ghz,  Features: AuthenticAMD SSE SSE2 MMX RDTSC CMOV FCMOV
execing valve.rc
execing autoexec.cfg
execing modsettings.cfg
material "vgui/servers/icon_replay" not found.
--- Missing Vgui material vgui/servers/icon_replay
material "vgui/servers/icon_replay_column" not found.
--- Missing Vgui material vgui/servers/icon_replay_column
---- Host_NewGame ----
Spawn Server: background_bathroom
execing skill_manifest.cfg
'skill.cfg' not present; not executing.
execing skill_episodic.cfg
Set Gravity 600.0 (0.250 tolerance)
PrecacheScriptSound 'Hud.Hint' failed, no such sound script entry
Loading AI graph
Step 1 loading
Checking version
Passed first ver check
Got version 37
Map version 10
Done version checks
Finishing load
PrecacheScriptSound 'NPC_CombineBall_Episodic.Explosion' failed, no such sound script entry
PrecacheScriptSound 'NPC_CombineBall_Episodic.WhizFlyby' failed, no such sound script entry
PrecacheScriptSound 'NPC_CombineBall_Episodic.Impact' failed, no such sound script entry
'cfg/motd.txt' not found; not loaded
'cfg/motd_text.txt' not found; not loaded
Created class baseline: 5 classes, 1290 bytes.
Game started

Half-Life 2
Map: background_bathroom
Players: 1 / 1
Build: 0
Server Number: 1

Initializing renderer...
DataTable warning: No matching RecvTable for SendTable 'DT_FleshEffectTarget'.
DataTable warning: No matching RecvTable for SendTable 'DT_HalfLife2SurvivalProxy'.
DataTable warning: No matching RecvTable for SendTable 'DT_NPC_Puppet'.
DataTable warning: No matching RecvTable for SendTable 'DT_CPropJeepEpisodic'.
DataTable warning: No matching RecvTable for SendTable 'DT_PropScalable'.
Client missing DT class CFleshEffectTarget
Client missing DT class CHalfLife2SurvivalProxy
Client missing DT class CNPC_Puppet
Client missing DT class CPropJeepEpisodic
Client missing DT class CPropScalable
Host_EndGame: CL_ParseClassInfo_EndClasses: CreateDecoders failed.

Dropped unnamed from server (Disconnect by user.)
"sv_cheats" = "1" ( def. "0" )
 notify replicated
 - Allow cheats on server
Attempted to create unknown entity type npc_bubbles!
Host_WriteConfiguration: Wrote cfg/config.cfg
CreateEvent: event 'server_shutdown' not registered.
Shutdown function ShutdownMixerControls() not in list!!!
